<?xml version="1.0" encoding="UTF-8"?>
<!-- Generated by org.testng.reporters.JUnitReportReporter -->
<testsuite skipped="0" hostname="DESKTOP-1QVPDU4" name="test.RunTestFromMavenCommand" tests="3" failures="0" timestamp="2021-10-28T18:16:56 IST" time="0.032" errors="0">
  <testcase name="Test5" time="0.005" classname="test.RunTestFromMavenCommand"/>
  <system-out/>
  <testcase name="Test4" time="0.004" classname="test.RunTestFromMavenCommand"/>
  <system-out/>
  <testcase name="Test1" time="0.023" classname="test.RunTestFromMavenCommand"/>
  <system-out/>
</testsuite> <!-- test.RunTestFromMavenCommand -->
