<?xml version="1.0" encoding="UTF-8"?>
<!-- Generated by org.testng.reporters.JUnitReportReporter -->
<testsuite skipped="0" hostname="DESKTOP-1QVPDU4" name="test.TestNgAnnotation" tests="1" failures="0" timestamp="2021-10-28T18:24:12 IST" time="0.007" errors="0">
  <testcase name="Test" time="0.007" classname="test.TestNgAnnotation"/>
  <system-out/>
</testsuite> <!-- test.TestNgAnnotation -->
