<?xml version="1.0" encoding="UTF-8"?>
<!-- Generated by org.testng.reporters.JUnitReportReporter -->
<testsuite skipped="0" hostname="DESKTOP-1QVPDU4" name="test.RunTestFromMavenCommand" tests="3" failures="0" timestamp="2021-10-28T19:18:56 IST" time="28.873" errors="0">
  <testcase name="Test4" time="12.284" classname="test.RunTestFromMavenCommand"/>
  <system-out/>
  <testcase name="Test1" time="5.605" classname="test.RunTestFromMavenCommand"/>
  <system-out/>
  <testcase name="Test5" time="10.984" classname="test.RunTestFromMavenCommand"/>
  <system-out/>
</testsuite> <!-- test.RunTestFromMavenCommand -->
